Info: Starting: Create block symbol file (.bsf)
Info: qsys-generate D:\tareas\arquitectura\proyectos\proyecto3\CoolMillos2\DE0Nano_NIOSII\DE0Nano_NIOSII\niosII.qsys --block-symbol-file --output-directory=D:\tareas\arquitectura\proyectos\proyecto3\CoolMillos2\DE0Nano_NIOSII\DE0Nano_NIOSII\niosII --family="Cyclone IV E" --part=EP4CE22F17C6
Progress: Loading DE0Nano_NIOSII/niosII.qsys
Progress: Reading input file
Progress: Adding adc_0 [altera_up_avalon_adc 17.1]
Progress: Parameterizing module adc_0
Progress: Adding clock_50 [clock_source 17.1]
Progress: Parameterizing module clock_50
Progress: Adding cpu [altera_nios2_gen2 17.1]
Progress: Parameterizing module cpu
Progress: Adding epcs [altera_avalon_epcs_flash_controller 17.1]
Progress: Parameterizing module epcs
Progress: Adding jtag [altera_avalon_jtag_uart 17.1]
Progress: Parameterizing module jtag
Progress: Adding port_gpio_0 [altera_up_avalon_parallel_port 17.1]
Progress: Parameterizing module port_gpio_0
Progress: Adding port_key [altera_up_avalon_parallel_port 17.1]
Progress: Parameterizing module port_key
Progress: Adding port_led [altera_up_avalon_parallel_port 17.1]
Progress: Parameterizing module port_led
Progress: Adding port_sw [altera_up_avalon_parallel_port 17.1]
Progress: Parameterizing module port_sw
Progress: Adding ram_clk [clock_source 17.1]
Progress: Parameterizing module ram_clk
Progress: Adding rs232_0 [altera_up_avalon_rs232 17.1]
Progress: Parameterizing module rs232_0
Progress: Adding rs232_1 [altera_up_avalon_rs232 17.1]
Progress: Parameterizing module rs232_1
Progress: Adding sdram [altera_avalon_new_sdram_controller 17.1]
Progress: Parameterizing module sdram
Progress: Adding sys_clk [clock_source 17.1]
Progress: Parameterizing module sys_clk
Progress: Adding sys_id [altera_avalon_sysid_qsys 17.1]
Progress: Parameterizing module sys_id
Progress: Adding sys_pll [altpll 17.1]
Progress: Parameterizing module sys_pll
Progress: Adding timer_0 [altera_avalon_timer 17.1]
Progress: Parameterizing module timer_0
Progress: Building connections
Progress: Parameterizing connections
Progress: Validating
Progress: Done reading input file
Info: niosII.epcs: Legacy EPCS/EPCQx1 Flash Controller will only be supported in Quartus Prime Standard Edition in the future release.
Info: niosII.epcs: Dedicated AS interface is not supported, signals are exported to top level design.
Info: niosII.jtag: JTAG UART IP input clock need to be at least double (2x) the operating frequency of JTAG TCK on board
Info: niosII.port_gpio_0: The Parallel Port is now deprecated. The PIO component (Processor and Peripherals/Peripherals/PIO) should be used instead.
Info: niosII.port_key: The Parallel Port is now deprecated. The PIO component (Processor and Peripherals/Peripherals/PIO) should be used instead.
Info: niosII.port_led: The Parallel Port is now deprecated. The PIO component (Processor and Peripherals/Peripherals/PIO) should be used instead.
Info: niosII.port_sw: The Parallel Port is now deprecated. The PIO component (Processor and Peripherals/Peripherals/PIO) should be used instead.
Info: niosII.sdram: SDRAM Controller will only be supported in Quartus Prime Standard Edition in the future release.
Info: niosII.sys_id: System ID is not assigned automatically. Edit the System ID parameter to provide a unique ID
Info: niosII.sys_id: Time stamp will be automatically updated when this component is generated.
Info: qsys-generate succeeded.
Info: Finished: Create block symbol file (.bsf)
Info: 
Info: Starting: Create HDL design files for synthesis
Info: qsys-generate D:\tareas\arquitectura\proyectos\proyecto3\CoolMillos2\DE0Nano_NIOSII\DE0Nano_NIOSII\niosII.qsys --synthesis=VERILOG --greybox --output-directory=D:\tareas\arquitectura\proyectos\proyecto3\CoolMillos2\DE0Nano_NIOSII\DE0Nano_NIOSII\niosII\synthesis --family="Cyclone IV E" --part=EP4CE22F17C6
Progress: Loading DE0Nano_NIOSII/niosII.qsys
Progress: Reading input file
Progress: Adding adc_0 [altera_up_avalon_adc 17.1]
Progress: Parameterizing module adc_0
Progress: Adding clock_50 [clock_source 17.1]
Progress: Parameterizing module clock_50
Progress: Adding cpu [altera_nios2_gen2 17.1]
Progress: Parameterizing module cpu
Progress: Adding epcs [altera_avalon_epcs_flash_controller 17.1]
Progress: Parameterizing module epcs
Progress: Adding jtag [altera_avalon_jtag_uart 17.1]
Progress: Parameterizing module jtag
Progress: Adding port_gpio_0 [altera_up_avalon_parallel_port 17.1]
Progress: Parameterizing module port_gpio_0
Progress: Adding port_key [altera_up_avalon_parallel_port 17.1]
Progress: Parameterizing module port_key
Progress: Adding port_led [altera_up_avalon_parallel_port 17.1]
Progress: Parameterizing module port_led
Progress: Adding port_sw [altera_up_avalon_parallel_port 17.1]
Progress: Parameterizing module port_sw
Progress: Adding ram_clk [clock_source 17.1]
Progress: Parameterizing module ram_clk
Progress: Adding rs232_0 [altera_up_avalon_rs232 17.1]
Progress: Parameterizing module rs232_0
Progress: Adding rs232_1 [altera_up_avalon_rs232 17.1]
Progress: Parameterizing module rs232_1
Progress: Adding sdram [altera_avalon_new_sdram_controller 17.1]
Progress: Parameterizing module sdram
Progress: Adding sys_clk [clock_source 17.1]
Progress: Parameterizing module sys_clk
Progress: Adding sys_id [altera_avalon_sysid_qsys 17.1]
Progress: Parameterizing module sys_id
Progress: Adding sys_pll [altpll 17.1]
Progress: Parameterizing module sys_pll
Progress: Adding timer_0 [altera_avalon_timer 17.1]
Progress: Parameterizing module timer_0
Progress: Building connections
Progress: Parameterizing connections
Progress: Validating
Progress: Done reading input file
Info: niosII.epcs: Legacy EPCS/EPCQx1 Flash Controller will only be supported in Quartus Prime Standard Edition in the future release.
Info: niosII.epcs: Dedicated AS interface is not supported, signals are exported to top level design.
Info: niosII.jtag: JTAG UART IP input clock need to be at least double (2x) the operating frequency of JTAG TCK on board
Info: niosII.port_gpio_0: The Parallel Port is now deprecated. The PIO component (Processor and Peripherals/Peripherals/PIO) should be used instead.
Info: niosII.port_key: The Parallel Port is now deprecated. The PIO component (Processor and Peripherals/Peripherals/PIO) should be used instead.
Info: niosII.port_led: The Parallel Port is now deprecated. The PIO component (Processor and Peripherals/Peripherals/PIO) should be used instead.
Info: niosII.port_sw: The Parallel Port is now deprecated. The PIO component (Processor and Peripherals/Peripherals/PIO) should be used instead.
Info: niosII.sdram: SDRAM Controller will only be supported in Quartus Prime Standard Edition in the future release.
Info: niosII.sys_id: System ID is not assigned automatically. Edit the System ID parameter to provide a unique ID
Info: niosII.sys_id: Time stamp will be automatically updated when this component is generated.
Info: niosII: Generating niosII "niosII" for QUARTUS_SYNTH
Info: Inserting clock-crossing logic between cmd_demux.src1 and cmd_mux_001.sink0
Info: Inserting clock-crossing logic between cmd_demux.src10 and cmd_mux_010.sink0
Info: Inserting clock-crossing logic between cmd_demux.src11 and cmd_mux_011.sink0
Info: Inserting clock-crossing logic between cmd_demux_001.src1 and cmd_mux_010.sink1
Info: Inserting clock-crossing logic between rsp_demux_001.src0 and rsp_mux.sink1
Info: Inserting clock-crossing logic between rsp_demux_010.src0 and rsp_mux.sink10
Info: Inserting clock-crossing logic between rsp_demux_010.src1 and rsp_mux_001.sink1
Info: Inserting clock-crossing logic between rsp_demux_011.src0 and rsp_mux.sink11
Info: adc_0: Starting Generation of ADC Controller for DE-series Board
Info: adc_0: D:/quartus/ip/altera/university_program/input_output/altera_up_avalon_adc/hdl/altera_up_avalon_adv_adc.v C:/Users/SANTIA~1/AppData/Local/Temp/alt7872_3014999587588024431.dir/0002_sopcgen/niosII_adc_0.v
Info: adc_0: "niosII" instantiated altera_up_avalon_adc "adc_0"
Info: cpu: "niosII" instantiated altera_nios2_gen2 "cpu"
Info: epcs: Starting RTL generation for module 'niosII_epcs'
Info: epcs:   Generation command is [exec D:/quartus/quartus/bin64/perl/bin/perl.exe -I D:/quartus/quartus/bin64/perl/lib -I D:/quartus/quartus/sopc_builder/bin/europa -I D:/quartus/quartus/sopc_builder/bin/perl_lib -I D:/quartus/quartus/sopc_builder/bin -I D:/quartus/quartus/../ip/altera/sopc_builder_ip/common -I D:/quartus/quartus/../ip/altera/sopc_builder_ip/altera_avalon_epcs_flash_controller -- D:/quartus/quartus/../ip/altera/sopc_builder_ip/altera_avalon_epcs_flash_controller/generate_rtl.pl --name=niosII_epcs --dir=C:/Users/SANTIA~1/AppData/Local/Temp/alt7872_3014999587588024431.dir/0005_epcs_gen/ --quartus_dir=D:/quartus/quartus --verilog --config=C:/Users/SANTIA~1/AppData/Local/Temp/alt7872_3014999587588024431.dir/0005_epcs_gen//niosII_epcs_component_configuration.pl  --do_build_sim=0  ]
Info: epcs: Done RTL generation for module 'niosII_epcs'
Info: epcs: "niosII" instantiated altera_avalon_epcs_flash_controller "epcs"
Info: jtag: Starting RTL generation for module 'niosII_jtag'
Info: jtag:   Generation command is [exec D:/quartus/quartus/bin64/perl/bin/perl.exe -I D:/quartus/quartus/bin64/perl/lib -I D:/quartus/quartus/sopc_builder/bin/europa -I D:/quartus/quartus/sopc_builder/bin/perl_lib -I D:/quartus/quartus/sopc_builder/bin -I D:/quartus/quartus/../ip/altera/sopc_builder_ip/common -I D:/quartus/quartus/../ip/altera/sopc_builder_ip/altera_avalon_jtag_uart -- D:/quartus/quartus/../ip/altera/sopc_builder_ip/altera_avalon_jtag_uart/generate_rtl.pl --name=niosII_jtag --dir=C:/Users/SANTIA~1/AppData/Local/Temp/alt7872_3014999587588024431.dir/0006_jtag_gen/ --quartus_dir=D:/quartus/quartus --verilog --config=C:/Users/SANTIA~1/AppData/Local/Temp/alt7872_3014999587588024431.dir/0006_jtag_gen//niosII_jtag_component_configuration.pl  --do_build_sim=0  ]
Info: jtag: Done RTL generation for module 'niosII_jtag'
Info: jtag: "niosII" instantiated altera_avalon_jtag_uart "jtag"
Info: port_gpio_0: Starting Generation of Parallel Port
Info: port_gpio_0: "niosII" instantiated altera_up_avalon_parallel_port "port_gpio_0"
Info: port_key: Starting Generation of Parallel Port
Info: port_key: "niosII" instantiated altera_up_avalon_parallel_port "port_key"
Info: port_led: Starting Generation of Parallel Port
Info: port_led: "niosII" instantiated altera_up_avalon_parallel_port "port_led"
Info: port_sw: Starting Generation of Parallel Port
Info: port_sw: "niosII" instantiated altera_up_avalon_parallel_port "port_sw"
Info: rs232_0: Starting Generation of RS232 UART
Info: rs232_0: "niosII" instantiated altera_up_avalon_rs232 "rs232_0"
Info: sdram: Starting RTL generation for module 'niosII_sdram'
Info: sdram:   Generation command is [exec D:/quartus/quartus/bin64/perl/bin/perl.exe -I D:/quartus/quartus/bin64/perl/lib -I D:/quartus/quartus/sopc_builder/bin/europa -I D:/quartus/quartus/sopc_builder/bin/perl_lib -I D:/quartus/quartus/sopc_builder/bin -I D:/quartus/quartus/../ip/altera/sopc_builder_ip/common -I D:/quartus/quartus/../ip/altera/sopc_builder_ip/altera_avalon_new_sdram_controller -- D:/quartus/quartus/../ip/altera/sopc_builder_ip/altera_avalon_new_sdram_controller/generate_rtl.pl --name=niosII_sdram --dir=C:/Users/SANTIA~1/AppData/Local/Temp/alt7872_3014999587588024431.dir/0012_sdram_gen/ --quartus_dir=D:/quartus/quartus --verilog --config=C:/Users/SANTIA~1/AppData/Local/Temp/alt7872_3014999587588024431.dir/0012_sdram_gen//niosII_sdram_component_configuration.pl  --do_build_sim=0  ]
Info: sdram: Done RTL generation for module 'niosII_sdram'
Info: sdram: "niosII" instantiated altera_avalon_new_sdram_controller "sdram"
Info: sys_id: "niosII" instantiated altera_avalon_sysid_qsys "sys_id"
Info: sys_pll: "niosII" instantiated altpll "sys_pll"
Info: timer_0: Starting RTL generation for module 'niosII_timer_0'
Info: timer_0:   Generation command is [exec D:/quartus/quartus/bin64//perl/bin/perl.exe -I D:/quartus/quartus/bin64//perl/lib -I D:/quartus/quartus/sopc_builder/bin/europa -I D:/quartus/quartus/sopc_builder/bin/perl_lib -I D:/quartus/quartus/sopc_builder/bin -I D:/quartus/quartus/../ip/altera/sopc_builder_ip/common -I D:/quartus/quartus/../ip/altera/sopc_builder_ip/altera_avalon_timer -- D:/quartus/quartus/../ip/altera/sopc_builder_ip/altera_avalon_timer/generate_rtl.pl --name=niosII_timer_0 --dir=C:/Users/SANTIA~1/AppData/Local/Temp/alt7872_3014999587588024431.dir/0016_timer_0_gen/ --quartus_dir=D:/quartus/quartus --verilog --config=C:/Users/SANTIA~1/AppData/Local/Temp/alt7872_3014999587588024431.dir/0016_timer_0_gen//niosII_timer_0_component_configuration.pl  --do_build_sim=0  ]
Info: timer_0: Done RTL generation for module 'niosII_timer_0'
Info: timer_0: "niosII" instantiated altera_avalon_timer "timer_0"
Info: avalon_st_adapter: Inserting error_adapter: error_adapter_0
Info: avalon_st_adapter_001: Inserting error_adapter: error_adapter_0
Info: avalon_st_adapter_002: Inserting error_adapter: error_adapter_0
Info: avalon_st_adapter_003: Inserting error_adapter: error_adapter_0
Info: avalon_st_adapter_004: Inserting error_adapter: error_adapter_0
Info: avalon_st_adapter_005: Inserting error_adapter: error_adapter_0
Info: avalon_st_adapter_006: Inserting error_adapter: error_adapter_0
Info: avalon_st_adapter_007: Inserting error_adapter: error_adapter_0
Info: avalon_st_adapter_008: Inserting error_adapter: error_adapter_0
Info: avalon_st_adapter_009: Inserting error_adapter: error_adapter_0
Info: avalon_st_adapter_010: Inserting error_adapter: error_adapter_0
Info: avalon_st_adapter_011: Inserting error_adapter: error_adapter_0
Info: avalon_st_adapter_012: Inserting error_adapter: error_adapter_0
Info: avalon_st_adapter_013: Inserting error_adapter: error_adapter_0
Info: mm_interconnect_0: "niosII" instantiated altera_mm_interconnect "mm_interconnect_0"
Info: irq_mapper: "niosII" instantiated altera_irq_mapper "irq_mapper"
Info: irq_synchronizer: "niosII" instantiated altera_irq_clock_crosser "irq_synchronizer"
Info: rst_controller: "niosII" instantiated altera_reset_controller "rst_controller"
Info: cpu: Starting RTL generation for module 'niosII_cpu_cpu'
Info: cpu:   Generation command is [exec D:/quartus/quartus/bin64//eperlcmd.exe -I D:/quartus/quartus/bin64//perl/lib -I D:/quartus/quartus/sopc_builder/bin/europa -I D:/quartus/quartus/sopc_builder/bin/perl_lib -I D:/quartus/quartus/sopc_builder/bin -I D:/quartus/quartus/../ip/altera/nios2_ip/altera_nios2_gen2/cpu_lib -I D:/quartus/quartus/../ip/altera/nios2_ip/altera_nios2_gen2/nios_lib -I D:/quartus/quartus/../ip/altera/nios2_ip/altera_nios2_gen2 -I D:/quartus/quartus/../ip/altera/nios2_ip/altera_nios2_gen2 -- D:/quartus/quartus/../ip/altera/nios2_ip/altera_nios2_gen2/generate_rtl.epl --name=niosII_cpu_cpu --dir=C:/Users/SANTIA~1/AppData/Local/Temp/alt7872_3014999587588024431.dir/0020_cpu_gen/ --quartus_bindir=D:/quartus/quartus/bin64/ --verilog --config=C:/Users/SANTIA~1/AppData/Local/Temp/alt7872_3014999587588024431.dir/0020_cpu_gen//niosII_cpu_cpu_processor_configuration.pl  --do_build_sim=0  ]
Info: cpu: # 2018.12.07 16:07:31 (*) Starting Nios II generation
Info: cpu: # 2018.12.07 16:07:31 (*)   Checking for plaintext license.
Info: cpu: # 2018.12.07 16:07:32 (*)   Couldn't query license setup in Quartus directory D:/quartus/quartus/bin64/
Info: cpu: # 2018.12.07 16:07:32 (*)   Defaulting to contents of LM_LICENSE_FILE environment variable
Info: cpu: # 2018.12.07 16:07:32 (*)   LM_LICENSE_FILE environment variable is empty
Info: cpu: # 2018.12.07 16:07:32 (*)   Plaintext license not found.
Info: cpu: # 2018.12.07 16:07:32 (*)   No license required to generate encrypted Nios II/e.
Info: cpu: # 2018.12.07 16:07:32 (*)   Elaborating CPU configuration settings
Info: cpu: # 2018.12.07 16:07:32 (*)   Creating all objects for CPU
Info: cpu: # 2018.12.07 16:07:35 (*)   Generating RTL from CPU objects
Info: cpu: # 2018.12.07 16:07:35 (*)   Creating plain-text RTL
Info: cpu: # 2018.12.07 16:07:36 (*) Done Nios II generation
Info: cpu: Done RTL generation for module 'niosII_cpu_cpu'
Info: cpu: "cpu" instantiated altera_nios2_gen2_unit "cpu"
Info: cpu_data_master_translator: "mm_interconnect_0" instantiated altera_merlin_master_translator "cpu_data_master_translator"
Info: adc_0_adc_slave_translator: "mm_interconnect_0" instantiated altera_merlin_slave_translator "adc_0_adc_slave_translator"
Info: cpu_data_master_agent: "mm_interconnect_0" instantiated altera_merlin_master_agent "cpu_data_master_agent"
Info: adc_0_adc_slave_agent: "mm_interconnect_0" instantiated altera_merlin_slave_agent "adc_0_adc_slave_agent"
Info: adc_0_adc_slave_agent_rsp_fifo: "mm_interconnect_0" instantiated altera_avalon_sc_fifo "adc_0_adc_slave_agent_rsp_fifo"
Info: router: "mm_interconnect_0" instantiated altera_merlin_router "router"
Info: router_001: "mm_interconnect_0" instantiated altera_merlin_router "router_001"
Info: router_002: "mm_interconnect_0" instantiated altera_merlin_router "router_002"
Info: router_011: "mm_interconnect_0" instantiated altera_merlin_router "router_011"
Info: router_014: "mm_interconnect_0" instantiated altera_merlin_router "router_014"
Info: sdram_s1_burst_adapter: "mm_interconnect_0" instantiated altera_merlin_burst_adapter "sdram_s1_burst_adapter"
Info: cmd_demux: "mm_interconnect_0" instantiated altera_merlin_demultiplexer "cmd_demux"
Info: cmd_demux_001: "mm_interconnect_0" instantiated altera_merlin_demultiplexer "cmd_demux_001"
Info: cmd_mux: "mm_interconnect_0" instantiated altera_merlin_multiplexer "cmd_mux"
Info: cmd_mux_009: "mm_interconnect_0" instantiated altera_merlin_multiplexer "cmd_mux_009"
Info: Reusing file D:/tareas/arquitectura/proyectos/proyecto3/CoolMillos2/DE0Nano_NIOSII/DE0Nano_NIOSII/niosII/synthesis/submodules/altera_merlin_arbitrator.sv
Info: rsp_demux: "mm_interconnect_0" instantiated altera_merlin_demultiplexer "rsp_demux"
Info: rsp_demux_001: "mm_interconnect_0" instantiated altera_merlin_demultiplexer "rsp_demux_001"
Info: rsp_demux_009: "mm_interconnect_0" instantiated altera_merlin_demultiplexer "rsp_demux_009"
Info: rsp_mux: "mm_interconnect_0" instantiated altera_merlin_multiplexer "rsp_mux"
Info: Reusing file D:/tareas/arquitectura/proyectos/proyecto3/CoolMillos2/DE0Nano_NIOSII/DE0Nano_NIOSII/niosII/synthesis/submodules/altera_merlin_arbitrator.sv
Info: rsp_mux_001: "mm_interconnect_0" instantiated altera_merlin_multiplexer "rsp_mux_001"
Info: Reusing file D:/tareas/arquitectura/proyectos/proyecto3/CoolMillos2/DE0Nano_NIOSII/DE0Nano_NIOSII/niosII/synthesis/submodules/altera_merlin_arbitrator.sv
Info: sdram_s1_rsp_width_adapter: "mm_interconnect_0" instantiated altera_merlin_width_adapter "sdram_s1_rsp_width_adapter"
Info: Reusing file D:/tareas/arquitectura/proyectos/proyecto3/CoolMillos2/DE0Nano_NIOSII/DE0Nano_NIOSII/niosII/synthesis/submodules/altera_merlin_address_alignment.sv
Info: Reusing file D:/tareas/arquitectura/proyectos/proyecto3/CoolMillos2/DE0Nano_NIOSII/DE0Nano_NIOSII/niosII/synthesis/submodules/altera_merlin_burst_uncompressor.sv
Info: crosser: "mm_interconnect_0" instantiated altera_avalon_st_handshake_clock_crosser "crosser"
Info: Reusing file D:/tareas/arquitectura/proyectos/proyecto3/CoolMillos2/DE0Nano_NIOSII/DE0Nano_NIOSII/niosII/synthesis/submodules/altera_avalon_st_pipeline_base.v
Info: avalon_st_adapter: "mm_interconnect_0" instantiated altera_avalon_st_adapter "avalon_st_adapter"
Info: avalon_st_adapter_012: "mm_interconnect_0" instantiated altera_avalon_st_adapter "avalon_st_adapter_012"
Info: error_adapter_0: "avalon_st_adapter" instantiated error_adapter "error_adapter_0"
Info: error_adapter_0: "avalon_st_adapter_012" instantiated error_adapter "error_adapter_0"
Info: niosII: Done "niosII" with 45 modules, 75 files
Info: Generating third-party timing and resource estimation model ...
Info: Done generating third-party timing and resource estimation model.
Info: qsys-generate succeeded.
Info: Finished: Create HDL design files for synthesis
